<?xml version="1.0" encoding="UTF-8" ?>
<testsuite tests="8" failures="0" name="TestRunner.Runner" time="0.004" errors="0" skipped="0">
  <properties>
[...]
</properties>
  <testcase classname="Scenario: Fill the firts section of the form" name="Given open the URL of the application" time="0.003"/>
  <testcase classname="Scenario: Fill the firts section of the form" name="When Enter the details of the first section" time="0"/>
  <testcase classname="Scenario: Fill the firts section of the form" name="Then Values should br entered" time="0"/>
  <testcase classname="Scenario: Fill the firts section of the form" name="Scenario: Fill the firts section of the form" time="0.001"/>
  <testcase classname="Scenario: Fill the second section of the form" name="Given open the URL of the application" time="0"/>
  <testcase classname="Scenario: Fill the second section of the form" name="When Enter the details of the second section" time="0"/>
  <testcase classname="Scenario: Fill the second section of the form" name="Then Values should br entered" time="0"/>
  <testcase classname="Scenario: Fill the second section of the form" name="Scenario: Fill the second section of the form" time="0"/>
</testsuite>