<?xml version="1.0" encoding="UTF-8"?>
<testng-results skipped="0" failed="0" total="1" passed="1">
  <reporter-output>
  </reporter-output>
  <suite name="Default suite" duration-ms="10081" started-at="2022-02-16T16:06:26Z" finished-at="2022-02-16T16:06:36Z">
    <groups>
    </groups>
    <test name="Default test" duration-ms="10081" started-at="2022-02-16T16:06:26Z" finished-at="2022-02-16T16:06:36Z">
      <class name="SeleniumMain.LaunchBrowser">
        <test-method status="PASS" signature="openBrowser()[pri:0, instance:SeleniumMain.LaunchBrowser@4dfa3a9d]" name="openBrowser" duration-ms="10066" started-at="2022-02-16T21:36:26Z" finished-at="2022-02-16T21:36:36Z">
          <reporter-output>
          </reporter-output>
        </test-method> <!-- openBrowser -->
      </class> <!-- SeleniumMain.LaunchBrowser -->
    </test> <!-- Default test -->
  </suite> <!-- Default suite -->
</testng-results>
